app/build/intermediates/manifest_merge_blame_file/debug/manifest-merger-blame-debug-report.txt
1<?xml version="1.0" encoding="utf-8"?>
2<manifest xmlns:android="http://schemas.android.com/apk/res/android"
3    package="com.example.composetemplate"
4    android:versionCode="1"
5    android:versionName="1.0" >
6
7    <uses-sdk
8        android:minSdkVersion="26"
8-->src/main/AndroidManifest.xml
9        android:targetSdkVersion="32" />
9-->src/main/AndroidManifest.xml
10
11    <uses-permission android:name="android.permission.INTERNET" />
11-->src/main/AndroidManifest.xml:6:5-67
11-->src/main/AndroidManifest.xml:6:22-64
12
13    <application
13-->src/main/AndroidManifest.xml:8:5-30:19
14        android:name="com.example.composetemplate.CoinApp"
14-->src/main/AndroidManifest.xml:9:9-32
15        android:allowBackup="true"
15-->src/main/AndroidManifest.xml:10:9-35
16        android:appComponentFactory="androidx.core.app.CoreComponentFactory"
16-->[androidx.core:core:1.7.0] AndroidManifest.xml:24:18-86
17        android:dataExtractionRules="@xml/data_extraction_rules"
17-->src/main/AndroidManifest.xml:11:9-65
18        android:debuggable="true"
19        android:extractNativeLibs="false"
20        android:fullBackupContent="@xml/backup_rules"
20-->src/main/AndroidManifest.xml:12:9-54
21        android:icon="@mipmap/ic_launcher"
21-->src/main/AndroidManifest.xml:13:9-43
22        android:label="@string/app_name"
22-->src/main/AndroidManifest.xml:14:9-41
23        android:roundIcon="@mipmap/ic_launcher_round"
23-->src/main/AndroidManifest.xml:15:9-54
24        android:supportsRtl="true"
24-->src/main/AndroidManifest.xml:16:9-35
25        android:testOnly="true"
26        android:theme="@style/Theme.ComposeTemplate" >
26-->src/main/AndroidManifest.xml:17:9-53
27        <activity
27-->src/main/AndroidManifest.xml:19:9-29:20
28            android:name="com.example.composetemplate.presentation.MainActivity"
28-->src/main/AndroidManifest.xml:20:13-54
29            android:exported="true"
29-->src/main/AndroidManifest.xml:21:13-36
30            android:label="@string/app_name"
30-->src/main/AndroidManifest.xml:22:13-45
31            android:theme="@style/Theme.ComposeTemplate" >
31-->src/main/AndroidManifest.xml:23:13-57
32            <intent-filter>
32-->src/main/AndroidManifest.xml:24:13-28:29
33                <action android:name="android.intent.action.MAIN" />
33-->src/main/AndroidManifest.xml:25:17-69
33-->src/main/AndroidManifest.xml:25:25-66
34
35                <category android:name="android.intent.category.LAUNCHER" />
35-->src/main/AndroidManifest.xml:27:17-77
35-->src/main/AndroidManifest.xml:27:27-74
36            </intent-filter>
37        </activity>
38        <activity
38-->[androidx.compose.ui:ui-tooling:1.2.0-beta03] AndroidManifest.xml:24:9-26:39
39            android:name="androidx.compose.ui.tooling.PreviewActivity"
39-->[androidx.compose.ui:ui-tooling:1.2.0-beta03] AndroidManifest.xml:25:13-71
40            android:exported="true" />
40-->[androidx.compose.ui:ui-tooling:1.2.0-beta03] AndroidManifest.xml:26:13-36
41        <activity
41-->[androidx.compose.ui:ui-test-manifest:1.2.0-beta03] AndroidManifest.xml:24:9-26:39
42            android:name="androidx.activity.ComponentActivity"
42-->[androidx.compose.ui:ui-test-manifest:1.2.0-beta03] AndroidManifest.xml:25:13-63
43            android:exported="true" />
43-->[androidx.compose.ui:ui-test-manifest:1.2.0-beta03] AndroidManifest.xml:26:13-36
44
45        <service
45-->[androidx.room:room-runtime:2.4.2] AndroidManifest.xml:25:9-28:40
46            android:name="androidx.room.MultiInstanceInvalidationService"
46-->[androidx.room:room-runtime:2.4.2] AndroidManifest.xml:26:13-74
47            android:directBootAware="true"
47-->[androidx.room:room-runtime:2.4.2] AndroidManifest.xml:27:13-43
48            android:exported="false" />
48-->[androidx.room:room-runtime:2.4.2] AndroidManifest.xml:28:13-37
49
50        <provider
50-->[androidx.profileinstaller:profileinstaller:1.2.0-beta03] AndroidManifest.xml:25:9-33:20
51            android:name="androidx.startup.InitializationProvider"
51-->[androidx.profileinstaller:profileinstaller:1.2.0-beta03] AndroidManifest.xml:26:13-67
52            android:authorities="com.example.composetemplate.androidx-startup"
52-->[androidx.profileinstaller:profileinstaller:1.2.0-beta03] AndroidManifest.xml:27:13-68
53            android:exported="false" >
53-->[androidx.profileinstaller:profileinstaller:1.2.0-beta03] AndroidManifest.xml:28:13-37
54            <meta-data
54-->[androidx.profileinstaller:profileinstaller:1.2.0-beta03] AndroidManifest.xml:30:13-32:52
55                android:name="androidx.profileinstaller.ProfileInstallerInitializer"
55-->[androidx.profileinstaller:profileinstaller:1.2.0-beta03] AndroidManifest.xml:31:17-85
56                android:value="androidx.startup" />
56-->[androidx.profileinstaller:profileinstaller:1.2.0-beta03] AndroidManifest.xml:32:17-49
57        </provider>
58
59        <receiver
59-->[androidx.profileinstaller:profileinstaller:1.2.0-beta03] AndroidManifest.xml:35:9-47:20
60            android:name="androidx.profileinstaller.ProfileInstallReceiver"
60-->[androidx.profileinstaller:profileinstaller:1.2.0-beta03] AndroidManifest.xml:36:13-76
61            android:directBootAware="false"
61-->[androidx.profileinstaller:profileinstaller:1.2.0-beta03] AndroidManifest.xml:37:13-44
62            android:enabled="true"
62-->[androidx.profileinstaller:profileinstaller:1.2.0-beta03] AndroidManifest.xml:38:13-35
63            android:exported="true"
63-->[androidx.profileinstaller:profileinstaller:1.2.0-beta03] AndroidManifest.xml:39:13-36
64            android:permission="android.permission.DUMP" >
64-->[androidx.profileinstaller:profileinstaller:1.2.0-beta03] AndroidManifest.xml:40:13-57
65            <intent-filter>
65-->[androidx.profileinstaller:profileinstaller:1.2.0-beta03] AndroidManifest.xml:41:13-43:29
66                <action android:name="androidx.profileinstaller.action.INSTALL_PROFILE" />
66-->[androidx.profileinstaller:profileinstaller:1.2.0-beta03] AndroidManifest.xml:42:17-91
66-->[androidx.profileinstaller:profileinstaller:1.2.0-beta03] AndroidManifest.xml:42:25-88
67            </intent-filter>
68            <intent-filter>
68-->[androidx.profileinstaller:profileinstaller:1.2.0-beta03] AndroidManifest.xml:44:13-46:29
69                <action android:name="androidx.profileinstaller.action.SKIP_FILE" />
69-->[androidx.profileinstaller:profileinstaller:1.2.0-beta03] AndroidManifest.xml:45:17-85
69-->[androidx.profileinstaller:profileinstaller:1.2.0-beta03] AndroidManifest.xml:45:25-82
70            </intent-filter>
71        </receiver>
72    </application>
73
74</manifest>